<?xml version="1.0" encoding="UTF-8"?>
<!-- Generated by org.testng.reporters.JUnitReportReporter -->
<testsuite skipped="0" hostname="DESKTOP-FGC3E0U" name="com.testcases.DragDropTest" tests="1" failures="0" timestamp="09 May 2021 05:00:28 GMT" time="36.388" errors="0">
  <testcase name="DragnDrop" time="36.388" classname="com.testcases.DragDropTest"/>
</testsuite> <!-- com.testcases.DragDropTest -->
