<?xml version="1.0" encoding="UTF-8"?>
<!-- Generated by org.testng.reporters.JUnitReportReporter -->
<testsuite skipped="0" hostname="DESKTOP-FGC3E0U" name="com.testcases.Demo1Test" tests="1" failures="0" timestamp="09 May 2021 02:55:14 GMT" time="21.360" errors="0">
  <testcase name="test01" time="21.360" classname="com.testcases.Demo1Test"/>
</testsuite> <!-- com.testcases.Demo1Test -->
