<?xml version="1.0" encoding="UTF-8"?>
<!-- Generated by org.testng.reporters.JUnitReportReporter -->
<testsuite skipped="0" hostname="DESKTOP-FGC3E0U" name="com.testcases.Actin_class_test" tests="1" failures="0" timestamp="09 May 2021 02:55:14 GMT" time="21.128" errors="0">
  <testcase name="TestAction01" time="21.128" classname="com.testcases.Actin_class_test"/>
</testsuite> <!-- com.testcases.Actin_class_test -->
